<?xml version="1.0" encoding="UTF-8"?>
<!-- Generated by org.testng.reporters.JUnitXMLReporter -->
<testsuite ignored="0" hostname="JeyakrihigasAir" failures="0" tests="5" name="Login" time="44.388" errors="0" timestamp="2026-05-28T11:37:51 CDT">
  <testcase classname="seleniumSalesforce.tests.loginTest" name="loginwithinvalidcredentials" time="0.182"/>
  <testcase classname="seleniumSalesforce.tests.loginTest" name="loginwithnopassword" time="0.294"/>
  <testcase classname="seleniumSalesforce.tests.loginTest" name="loginwithvalidcredentials" time="1.706"/>
  <testcase classname="seleniumSalesforce.tests.loginTest" name="clickonrememberme" time="28.313"/>
  <testcase classname="seleniumSalesforce.tests.loginTest" name="clickonforgotpasswordlink" time="0.689"/>
</testsuite> <!-- Login -->
