<?xml version="1.0" encoding="UTF-8"?>
<!-- Generated by org.testng.reporters.JUnitXMLReporter -->
<testsuite ignored="0" hostname="JeyakrihigasAir" failures="0" tests="5" name="Login" time="84.303" errors="0" timestamp="2026-05-27T11:26:23 CDT">
  <testcase classname="seleniumSalesforce.tests.RandomScenariosTest" name="clickOnUserNameLink" time="4.531"/>
  <testcase classname="seleniumSalesforce.tests.RandomScenariosTest" name="editProfileLastName" time="6.239"/>
  <testcase classname="seleniumSalesforce.tests.RandomScenariosTest" name="blockEventInCalendar" time="17.88"/>
  <testcase classname="seleniumSalesforce.tests.RandomScenariosTest" name="blockEventWeeklyRecurrance" time="16.452"/>
  <testcase classname="seleniumSalesforce.tests.RandomScenariosTest" name="verifyCustomizeTab" time="17.282"/>
</testsuite> <!-- Login -->
