<?xml version="1.0" encoding="UTF-8"?>
<!-- Generated by org.testng.reporters.JUnitXMLReporter -->
<testsuite ignored="4" hostname="JeyakrihigasAir" failures="0" tests="1" name="Default test" time="17.159" errors="0" timestamp="2026-05-27T22:25:39 CDT">
  <testcase classname="seleniumSalesforce.tests.loginTest" name="clickonrememberme" time="17.135"/>
  <testcase classname="seleniumSalesforce.tests.loginTest" name="loginwithvalidcredentials" time="0.0">
    <ignored/>
  </testcase> <!-- loginwithvalidcredentials -->
  <testcase classname="seleniumSalesforce.tests.loginTest" name="clickonforgotpasswordlink" time="0.0">
    <ignored/>
  </testcase> <!-- clickonforgotpasswordlink -->
  <testcase classname="seleniumSalesforce.tests.loginTest" name="loginwithinvalidcredentials" time="0.0">
    <ignored/>
  </testcase> <!-- loginwithinvalidcredentials -->
  <testcase classname="seleniumSalesforce.tests.loginTest" name="loginwithnopassword" time="0.0">
    <ignored/>
  </testcase> <!-- loginwithnopassword -->
</testsuite> <!-- Default test -->
