<?xml version="1.0" encoding="UTF-8"?>
<testng-results ignored="0" total="5" passed="5" failed="0" skipped="0">
  <reporter-output>
  </reporter-output>
  <suite started-at="2026-05-28T11:37:07 CDT" name="SalesForce" finished-at="2026-05-28T11:37:51 CDT" duration-ms="44388">
    <groups>
    </groups>
    <test started-at="2026-05-28T11:37:07 CDT" name="Login" finished-at="2026-05-28T11:37:51 CDT" duration-ms="44388">
      <class name="seleniumSalesforce.tests.loginTest">
        <test-method is-config="true" signature="launchApplication()[pri:0, instance:seleniumSalesforce.tests.loginTest@35cabb2a]" started-at="2026-05-28T11:37:07 CDT" name="launchApplication" finished-at="2026-05-28T11:37:20 CDT" duration-ms="12936" status="PASS">
          <reporter-output>
          </reporter-output>
        </test-method> <!-- launchApplication -->
        <test-method signature="loginwithinvalidcredentials()[pri:1, instance:seleniumSalesforce.tests.loginTest@35cabb2a]" started-at="2026-05-28T11:37:20 CDT" name="loginwithinvalidcredentials" finished-at="2026-05-28T11:37:20 CDT" duration-ms="182" status="PASS">
          <reporter-output>
          </reporter-output>
        </test-method> <!-- loginwithinvalidcredentials -->
        <test-method signature="loginwithnopassword()[pri:2, instance:seleniumSalesforce.tests.loginTest@35cabb2a]" started-at="2026-05-28T11:37:20 CDT" name="loginwithnopassword" finished-at="2026-05-28T11:37:20 CDT" duration-ms="294" status="PASS">
          <reporter-output>
          </reporter-output>
        </test-method> <!-- loginwithnopassword -->
        <test-method signature="loginwithvalidcredentials()[pri:3, instance:seleniumSalesforce.tests.loginTest@35cabb2a]" started-at="2026-05-28T11:37:20 CDT" name="loginwithvalidcredentials" finished-at="2026-05-28T11:37:22 CDT" duration-ms="1706" status="PASS">
          <reporter-output>
          </reporter-output>
        </test-method> <!-- loginwithvalidcredentials -->
        <test-method signature="clickonrememberme()[pri:4, instance:seleniumSalesforce.tests.loginTest@35cabb2a]" started-at="2026-05-28T11:37:22 CDT" name="clickonrememberme" finished-at="2026-05-28T11:37:50 CDT" duration-ms="28313" status="PASS">
          <reporter-output>
          </reporter-output>
        </test-method> <!-- clickonrememberme -->
        <test-method signature="clickonforgotpasswordlink()[pri:5, instance:seleniumSalesforce.tests.loginTest@35cabb2a]" started-at="2026-05-28T11:37:50 CDT" name="clickonforgotpasswordlink" finished-at="2026-05-28T11:37:51 CDT" duration-ms="689" status="PASS">
          <reporter-output>
          </reporter-output>
        </test-method> <!-- clickonforgotpasswordlink -->
        <test-method is-config="true" signature="closeDriver()[pri:0, instance:seleniumSalesforce.tests.loginTest@35cabb2a]" started-at="2026-05-28T11:37:51 CDT" name="closeDriver" finished-at="2026-05-28T11:37:51 CDT" duration-ms="112" status="PASS">
          <reporter-output>
          </reporter-output>
        </test-method> <!-- closeDriver -->
      </class> <!-- seleniumSalesforce.tests.loginTest -->
    </test> <!-- Login -->
  </suite> <!-- SalesForce -->
</testng-results>
