<?xml version="1.0" encoding="UTF-8"?>
<testng-results ignored="0" total="2" passed="2" failed="0" skipped="0">
  <reporter-output>
  </reporter-output>
  <suite started-at="2026-05-11T21:36:53 CDT" name="SalesForce" finished-at="2026-05-11T21:36:57 CDT" duration-ms="3283">
    <groups>
    </groups>
    <test started-at="2026-05-11T21:36:53 CDT" name="Login" finished-at="2026-05-11T21:36:57 CDT" duration-ms="3283">
      <class name="seleniumSalesforce.tests.loginTest">
        <test-method is-config="true" signature="launchApplication()[pri:0, instance:seleniumSalesforce.tests.loginTest@6a192cfe]" started-at="2026-05-11T21:36:53 CDT" name="launchApplication" finished-at="2026-05-11T21:36:55 CDT" duration-ms="1653" status="PASS">
          <reporter-output>
          </reporter-output>
        </test-method> <!-- launchApplication -->
        <test-method signature="loginwithnopassword()[pri:0, instance:seleniumSalesforce.tests.loginTest@6a192cfe]" started-at="2026-05-11T21:36:55 CDT" name="loginwithnopassword" finished-at="2026-05-11T21:36:55 CDT" duration-ms="189" status="PASS">
          <reporter-output>
          </reporter-output>
        </test-method> <!-- loginwithnopassword -->
        <test-method is-config="true" signature="launchApplication()[pri:0, instance:seleniumSalesforce.tests.loginTest@6a192cfe]" started-at="2026-05-11T21:36:55 CDT" name="launchApplication" finished-at="2026-05-11T21:36:55 CDT" duration-ms="1" status="PASS">
          <reporter-output>
          </reporter-output>
        </test-method> <!-- launchApplication -->
        <test-method signature="loginwithvalidcredentials()[pri:0, instance:seleniumSalesforce.tests.loginTest@6a192cfe]" started-at="2026-05-11T21:36:55 CDT" name="loginwithvalidcredentials" finished-at="2026-05-11T21:36:57 CDT" duration-ms="1416" status="PASS">
          <reporter-output>
          </reporter-output>
        </test-method> <!-- loginwithvalidcredentials -->
      </class> <!-- seleniumSalesforce.tests.loginTest -->
    </test> <!-- Login -->
  </suite> <!-- SalesForce -->
</testng-results>
