<?xml version="1.0" encoding="UTF-8"?>
<!-- Generated by org.testng.reporters.JUnitReportReporter -->
<testsuite hostname="JeyakrihigasAir" failures="0" tests="5" name="seleniumSalesforce.tests.UserMenuDropDownTest" time="116.044" errors="0" timestamp="2026-05-27T23:01:14 CDT" skipped="0">
  <testcase classname="seleniumSalesforce.tests.UserMenuDropDownTest" name="selectUserMenuDropDown" time="0.038"/>
  <testcase classname="seleniumSalesforce.tests.UserMenuDropDownTest" name="editProfile" time="75.315"/>
  <testcase classname="seleniumSalesforce.tests.UserMenuDropDownTest" name="mySetting" time="37.028"/>
  <testcase classname="seleniumSalesforce.tests.UserMenuDropDownTest" name="developersConsole" time="3.171"/>
  <testcase classname="seleniumSalesforce.tests.UserMenuDropDownTest" name="logOut" time="0.492"/>
</testsuite> <!-- seleniumSalesforce.tests.UserMenuDropDownTest -->
