<?xml version="1.0" encoding="UTF-8"?>
<!-- Generated by org.testng.reporters.JUnitReportReporter -->
<testsuite hostname="JeyakrihigasAir" failures="0" tests="5" name="seleniumSalesforce.tests.UserMenuDropDownTest" time="118.397" errors="0" timestamp="2026-05-27T10:13:53 CDT" skipped="0">
  <testcase classname="seleniumSalesforce.tests.UserMenuDropDownTest" name="selectUserMenuDropDown" time="0.046"/>
  <testcase classname="seleniumSalesforce.tests.UserMenuDropDownTest" name="editProfile" time="77.443"/>
  <testcase classname="seleniumSalesforce.tests.UserMenuDropDownTest" name="mySetting" time="37.111"/>
  <testcase classname="seleniumSalesforce.tests.UserMenuDropDownTest" name="developersConsole" time="3.148"/>
  <testcase classname="seleniumSalesforce.tests.UserMenuDropDownTest" name="logOut" time="0.649"/>
</testsuite> <!-- seleniumSalesforce.tests.UserMenuDropDownTest -->
