<?xml version="1.0" encoding="UTF-8"?>
<!-- Generated by org.testng.reporters.JUnitReportReporter -->
<testsuite hostname="JeyakrihigasAir" failures="0" tests="5" name="seleniumSalesforce.tests.CreateOptyTest" time="14.225" errors="0" timestamp="2026-05-28T16:32:26 CDT" skipped="0">
  <testcase classname="seleniumSalesforce.tests.CreateOptyTest" name="clickOnOptyDropDown" time="5.076"/>
  <testcase classname="seleniumSalesforce.tests.CreateOptyTest" name="stuckOptyReport" time="2.385"/>
  <testcase classname="seleniumSalesforce.tests.CreateOptyTest" name="createNewOpty" time="4.391"/>
  <testcase classname="seleniumSalesforce.tests.CreateOptyTest" name="pipelineReport" time="1.493"/>
  <testcase classname="seleniumSalesforce.tests.CreateOptyTest" name="quartelySummaryReport" time="0.880"/>
</testsuite> <!-- seleniumSalesforce.tests.CreateOptyTest -->
