<?xml version="1.0" encoding="UTF-8"?>
<!-- Generated by org.testng.reporters.JUnitReportReporter -->
<testsuite hostname="JeyakrihigasAir" failures="0" tests="5" name="seleniumSalesforce.tests.loginTest" time="46.881" errors="0" timestamp="2026-05-18T22:31:52 CDT" skipped="0">
  <testcase classname="seleniumSalesforce.tests.loginTest" name="clickonrememberme" time="33.187"/>
  <testcase classname="seleniumSalesforce.tests.loginTest" name="clickonforgotpasswordlink" time="5.274"/>
  <testcase classname="seleniumSalesforce.tests.loginTest" name="loginwithvalidcredentials" time="1.430"/>
  <testcase classname="seleniumSalesforce.tests.loginTest" name="loginwithnopassword" time="1.559"/>
  <testcase classname="seleniumSalesforce.tests.loginTest" name="loginwithinvalidcredentials" time="5.431"/>
</testsuite> <!-- seleniumSalesforce.tests.loginTest -->
