<?xml version="1.0" encoding="UTF-8"?>
<!-- Generated by org.testng.reporters.JUnitReportReporter -->
<testsuite hostname="JeyakrihigasAir" failures="0" tests="8" name="seleniumSalesforce.tests.ContactTest" time="18.091" errors="0" timestamp="2026-05-22T08:32:18 CDT" skipped="0">
  <testcase classname="seleniumSalesforce.tests.ContactTest" name="RecentContactPage" time="1.916"/>
  <testcase classname="seleniumSalesforce.tests.ContactTest" name="ContactSaveAndNew" time="1.812"/>
  <testcase classname="seleniumSalesforce.tests.ContactTest" name="MyContactViewPage" time="1.229"/>
  <testcase classname="seleniumSalesforce.tests.ContactTest" name="RecentlyCreatedContact" time="0.642"/>
  <testcase classname="seleniumSalesforce.tests.ContactTest" name="CreateNewContactView" time="3.715"/>
  <testcase classname="seleniumSalesforce.tests.ContactTest" name="ContactPageError" time="2.761"/>
  <testcase classname="seleniumSalesforce.tests.ContactTest" name="ContactCancelButton" time="2.883"/>
  <testcase classname="seleniumSalesforce.tests.ContactTest" name="CreateNewContact" time="3.133"/>
</testsuite> <!-- seleniumSalesforce.tests.ContactTest -->
