<?xml version="1.0" encoding="UTF-8"?>
<!-- Generated by org.testng.reporters.JUnitReportReporter -->
<testsuite hostname="JeyakrihigasAir" failures="0" tests="2" name="seleniumSalesforce.tests.loginTest" time="3.259" errors="0" timestamp="2026-05-11T21:36:57 CDT" skipped="0">
  <testcase classname="seleniumSalesforce.tests.loginTest" name="loginwithvalidcredentials" time="1.417"/>
  <testcase classname="seleniumSalesforce.tests.loginTest" name="loginwithnopassword" time="1.842"/>
</testsuite> <!-- seleniumSalesforce.tests.loginTest -->
