<?xml version="1.0" encoding="UTF-8"?>
<!-- Generated by org.testng.reporters.JUnitReportReporter -->
<testsuite hostname="JeyakrihigasAir" failures="0" tests="5" name="seleniumSalesforce.tests.CreateOptyTest" time="17.455" errors="0" timestamp="2026-05-22T15:11:11 CDT" skipped="0">
  <testcase classname="seleniumSalesforce.tests.CreateOptyTest" name="clickOnOptyDropDown" time="6.065"/>
  <testcase classname="seleniumSalesforce.tests.CreateOptyTest" name="stuckOptyReport" time="2.606"/>
  <testcase classname="seleniumSalesforce.tests.CreateOptyTest" name="createNewOpty" time="5.868"/>
  <testcase classname="seleniumSalesforce.tests.CreateOptyTest" name="pipelineReport" time="1.391"/>
  <testcase classname="seleniumSalesforce.tests.CreateOptyTest" name="quartelySummaryReport" time="1.525"/>
</testsuite> <!-- seleniumSalesforce.tests.CreateOptyTest -->
