<?xml version="1.0" encoding="UTF-8"?>
<!-- Generated by org.testng.reporters.JUnitReportReporter -->
<testsuite hostname="JeyakrihigasAir" failures="0" tests="5" name="seleniumSalesforce.tests.LeadsTest" time="32.189" errors="0" timestamp="2026-05-28T23:40:21 CDT" skipped="0">
  <testcase classname="seleniumSalesforce.tests.LeadsTest" name="clickOnLeadsTab" time="1.178"/>
  <testcase classname="seleniumSalesforce.tests.LeadsTest" name="clickOnLeadsView" time="0.603"/>
  <testcase classname="seleniumSalesforce.tests.LeadsTest" name="selectTodaysLead" time="0.655"/>
  <testcase classname="seleniumSalesforce.tests.LeadsTest" name="ClickOnNewLeads" time="6.790"/>
  <testcase classname="seleniumSalesforce.tests.LeadsTest" name="checkingGoButton" time="22.963"/>
</testsuite> <!-- seleniumSalesforce.tests.LeadsTest -->
