<?xml version="1.0" encoding="UTF-8"?>
<!-- Generated by org.testng.reporters.JUnitReportReporter -->
<testsuite hostname="JeyakrihigasAir" failures="0" tests="5" name="seleniumSalesforce.tests.LeadsTest" time="31.730" errors="0" timestamp="2026-05-22T08:34:54 CDT" skipped="0">
  <testcase classname="seleniumSalesforce.tests.LeadsTest" name="clickOnLeadsTab" time="1.442"/>
  <testcase classname="seleniumSalesforce.tests.LeadsTest" name="clickOnLeadsView" time="0.694"/>
  <testcase classname="seleniumSalesforce.tests.LeadsTest" name="selectTodaysLead" time="2.802"/>
  <testcase classname="seleniumSalesforce.tests.LeadsTest" name="ClickOnNewLeads" time="3.852"/>
  <testcase classname="seleniumSalesforce.tests.LeadsTest" name="checkingGoButton" time="22.940"/>
</testsuite> <!-- seleniumSalesforce.tests.LeadsTest -->
