<?xml version="1.0" encoding="UTF-8"?>
<!-- Generated by org.testng.reporters.JUnitReportReporter -->
<testsuite hostname="JeyakrihigasAir" failures="0" tests="5" name="seleniumSalesforce.tests.RandomScenariosTest" time="62.384" errors="0" timestamp="2026-05-27T11:26:23 CDT" skipped="0">
  <testcase classname="seleniumSalesforce.tests.RandomScenariosTest" name="clickOnUserNameLink" time="4.531"/>
  <testcase classname="seleniumSalesforce.tests.RandomScenariosTest" name="editProfileLastName" time="6.239"/>
  <testcase classname="seleniumSalesforce.tests.RandomScenariosTest" name="blockEventInCalendar" time="17.880"/>
  <testcase classname="seleniumSalesforce.tests.RandomScenariosTest" name="blockEventWeeklyRecurrance" time="16.452"/>
  <testcase classname="seleniumSalesforce.tests.RandomScenariosTest" name="verifyCustomizeTab" time="17.282"/>
</testsuite> <!-- seleniumSalesforce.tests.RandomScenariosTest -->
